[debug] [2021-04-15T09:52:11.951Z] ----------------------------------------------------------------------
[debug] [2021-04-15T09:52:11.954Z] Command:       C:\Program Files\nodejs\node.exe C:\Users\Administrator\AppData\Roaming\npm\node_modules\firebase-tools\lib\bin\firebase.js init
[debug] [2021-04-15T09:52:11.954Z] CLI Version:   9.10.0
[debug] [2021-04-15T09:52:11.954Z] Platform:      win32
[debug] [2021-04-15T09:52:11.954Z] Node Version:  v10.16.0
[debug] [2021-04-15T09:52:11.955Z] Time:          Thu Apr 15 2021 05:52:11 GMT-0400 (Bolivia Time)
[debug] [2021-04-15T09:52:11.955Z] ----------------------------------------------------------------------
[debug] 
[debug] [2021-04-15T09:52:11.965Z] > command requires scopes: ["email","openid","https://www.googleapis.com/auth/cloudplatformprojects.readonly","https://www.googleapis.com/auth/firebase","https://www.googleapis.com/auth/cloud-platform"]
[debug] [2021-04-15T09:52:11.965Z] > authorizing via signed-in user (dleimmersion@gmail.com)
[info] 
     ######## #### ########  ######## ########     ###     ######  ########
     ##        ##  ##     ## ##       ##     ##  ##   ##  ##       ##
     ######    ##  ########  ######   ########  #########  ######  ######
     ##        ##  ##    ##  ##       ##     ## ##     ##       ## ##
     ##       #### ##     ## ######## ########  ##     ##  ######  ########

You're about to initialize a Firebase project in this directory:

  C:\Users\Administrator\Desktop\google-classroom-admin-oficial

Before we get started, keep in mind:

  * You are initializing in an existing Firebase project directory

[info] 
=== Project Setup
[info] 
[info] First, let's associate this project directory with a Firebase project.
[info] You can create multiple project aliases by running firebase use --add, 
[info] but for now we'll just set up a default project.
[info] 
[info] i  .firebaserc already has a default project, using classroom-92ad5. 
[debug] [2021-04-15T09:52:17.303Z] > refreshing access token with scopes: []
[debug] [2021-04-15T09:52:17.303Z] >>> HTTP REQUEST POST https://www.googleapis.com/oauth2/v3/token  
 <request body omitted>
[debug] [2021-04-15T09:52:17.913Z] <<< HTTP RESPONSE 200 {"date":"Thu, 15 Apr 2021 09:52:17 GMT","expires":"Mon, 01 Jan 1990 00:00:00 GMT","pragma":"no-cache","cache-control":"no-cache, no-store, max-age=0, must-revalidate","content-type":"application/json; charset=utf-8","vary":"X-Origin, Referer, Origin,Accept-Encoding","server":"scaffolding on HTTPServer2","x-xss-protection":"0","x-frame-options":"SAMEORIGIN","x-content-type-options":"nosniff","alt-svc":"h3-29=\":443\"; ma=2592000,h3-T051=\":443\"; ma=2592000,h3-Q050=\":443\"; ma=2592000,h3-Q046=\":443\"; ma=2592000,h3-Q043=\":443\"; ma=2592000,quic=\":443\"; ma=2592000; v=\"46,43\"","accept-ranges":"none","transfer-encoding":"chunked"}
[debug] [2021-04-15T09:52:17.938Z] >>> [apiv2][query] GET https://firebase.googleapis.com/v1beta1/projects/classroom-92ad5 [none]
[debug] [2021-04-15T09:52:18.639Z] <<< [apiv2][status] GET https://firebase.googleapis.com/v1beta1/projects/classroom-92ad5 200
[debug] [2021-04-15T09:52:18.639Z] <<< [apiv2][body] GET https://firebase.googleapis.com/v1beta1/projects/classroom-92ad5 {"projectId":"classroom-92ad5","projectNumber":"989971244282","displayName":"googleClassroom","name":"projects/classroom-92ad5","resources":{"hostingSite":"classroom-92ad5"},"state":"ACTIVE"}
[info] 
=== Hosting Setup
[info] 
[info] Your public directory is the folder (relative to your project directory) that
[info] will contain Hosting assets to be uploaded with firebase deploy. If you
[info] have a build process for your assets, use your build's output directory.
[info] 
[debug] [2021-04-15T09:52:32.754Z] >>> [apiv2][query] GET https://www.gstatic.com/firebasejs/releases.json [none]
[debug] [2021-04-15T09:52:33.446Z] <<< [apiv2][status] GET https://www.gstatic.com/firebasejs/releases.json 200
[debug] [2021-04-15T09:52:33.446Z] <<< [apiv2][body] GET https://www.gstatic.com/firebasejs/releases.json {"current":{"version":"8.4.1","browserURL":"https://www.gstatic.com/firebasejs/8.4.1/firebase.js","packageURL":"https://www.gstatic.com/firebasejs/8.4.1/firebase.tgz"},"live":{"version":"8.4","browserURL":"https://www.gstatic.com/firebasejs/live/8.4/firebase.js","packageURL":"https://www.gstatic.com/firebasejs/live/8.4/firebase.tgz"},"components":{"analytics":"https://www.gstatic.com/firebasejs/8.4.1/firebase-analytics.js","app":"https://www.gstatic.com/firebasejs/8.4.1/firebase-app.js","auth":"https://www.gstatic.com/firebasejs/8.4.1/firebase-auth.js","database":"https://www.gstatic.com/firebasejs/8.4.1/firebase-database.js","firestore":"https://www.gstatic.com/firebasejs/8.4.1/firebase-firestore.js","functions":"https://www.gstatic.com/firebasejs/8.4.1/firebase-functions.js","installations":"https://www.gstatic.com/firebasejs/8.4.1/firebase-installations.js","messaging":"https://www.gstatic.com/firebasejs/8.4.1/firebase-messaging.js","storage":"https://www.gstatic.com/firebasejs/8.4.1/firebase-storage.js","performance":"https://www.gstatic.com/firebasejs/8.4.1/firebase-performance.js","remote-config":"https://www.gstatic.com/firebasejs/8.4.1/firebase-remote-config.js","firestore.memory":"https://www.gstatic.com/firebasejs/8.4.1/firebase-firestore.memory.js"}}
[info] +  Wrote build/index.html 
[info] 
[info] i  Detected a .git folder at C:\Users\Administrator\Desktop\google-classroom-admin-oficial 
[info] i  Authorizing with GitHub to upload your service account to a GitHub repository's secrets store. 
[info] 
[info] Visit this URL on this device to log in:
[info] https://github.com/login/oauth/authorize?client_id=89cf50f02ac6aaed3484&state=549175504&redirect_uri=http%3A%2F%2Flocalhost%3A9005&scope=read%3Auser%20repo%20public_repo
[info] 
[info] Waiting for authentication...
[debug] [2021-04-15T09:52:39.422Z] >>> HTTP REQUEST POST https://github.com/login/oauth/access_token  
 {"client_id":"89cf50f02ac6aaed3484","client_secret":"3330d14abc895d9a74d5f17cd7a00711fa2c5bf0","code":"4fd3945d23780bb4dd1f","redirect_uri":"http://localhost:9005","state":"549175504"}
[debug] [2021-04-15T09:52:40.312Z] <<< HTTP RESPONSE 200 {"server":"GitHub.com","date":"Thu, 15 Apr 2021 09:52:40 GMT","content-type":"application/json; charset=utf-8","transfer-encoding":"chunked","vary":"X-PJAX, Accept-Encoding, Accept, X-Requested-With","etag":"W/\"c55d927aac041a36f904d3194d99038a\"","cache-control":"max-age=0, private, must-revalidate","strict-transport-security":"max-age=31536000; includeSubdomains; preload","x-frame-options":"deny","x-content-type-options":"nosniff","x-xss-protection":"0","referrer-policy":"origin-when-cross-origin, strict-origin-when-cross-origin","expect-ct":"max-age=2592000, report-uri=\"https://api.github.com/_private/browser/errors\"","content-security-policy":"default-src 'none'; base-uri 'self'; block-all-mixed-content; connect-src 'self' uploads.github.com www.githubstatus.com collector.githubapp.com api.github.com github-cloud.s3.amazonaws.com github-production-repository-file-5c1aeb.s3.amazonaws.com github-production-upload-manifest-file-7fdce7.s3.amazonaws.com github-production-user-asset-6210df.s3.amazonaws.com cdn.optimizely.com logx.optimizely.com/v1/events wss://alive.github.com; font-src github.githubassets.com; form-action 'self' github.com gist.github.com; frame-ancestors 'none'; frame-src render.githubusercontent.com; img-src 'self' data: github.githubassets.com identicons.github.com collector.githubapp.com github-cloud.s3.amazonaws.com secured-user-images.githubusercontent.com/ *.githubusercontent.com; manifest-src 'self'; media-src 'none'; script-src github.githubassets.com; style-src 'unsafe-inline' github.githubassets.com; worker-src github.com/socket-worker-3f088aa2.js gist.github.com/socket-worker-3f088aa2.js","x-github-request-id":"E0B1:83B1:96F640:A6A6D5:60780CE7"}
[debug] [2021-04-15T09:52:40.318Z] >>> [apiv2][query] GET https://api.github.com/user [none]
[debug] [2021-04-15T09:52:41.189Z] <<< [apiv2][status] GET https://api.github.com/user 200
[debug] [2021-04-15T09:52:41.189Z] <<< [apiv2][body] GET https://api.github.com/user {"login":"waldo237","id":38513796,"node_id":"MDQ6VXNlcjM4NTEzNzk2","avatar_url":"https://avatars.githubusercontent.com/u/38513796?v=4","gravatar_id":"","url":"https://api.github.com/users/waldo237","html_url":"https://github.com/waldo237","followers_url":"https://api.github.com/users/waldo237/followers","following_url":"https://api.github.com/users/waldo237/following{/other_user}","gists_url":"https://api.github.com/users/waldo237/gists{/gist_id}","starred_url":"https://api.github.com/users/waldo237/starred{/owner}{/repo}","subscriptions_url":"https://api.github.com/users/waldo237/subscriptions","organizations_url":"https://api.github.com/users/waldo237/orgs","repos_url":"https://api.github.com/users/waldo237/repos","events_url":"https://api.github.com/users/waldo237/events{/privacy}","received_events_url":"https://api.github.com/users/waldo237/received_events","type":"User","site_admin":false,"name":"waldo milanes","company":null,"blog":"","location":null,"email":null,"hireable":null,"bio":null,"twitter_username":null,"public_repos":20,"public_gists":0,"followers":2,"following":2,"created_at":"2018-04-19T01:11:21Z","updated_at":"2021-04-15T03:14:05Z","private_gists":0,"total_private_repos":4,"owned_private_repos":4,"disk_usage":60629,"collaborators":0,"two_factor_authentication":false,"plan":{"name":"free","space":976562499,"collaborators":0,"private_repos":10000}}
[info] 
[info] +  Success! Logged into GitHub as waldo237 
[info] 
[debug] [2021-04-15T09:53:03.482Z] >>> [apiv2][query] GET https://api.github.com/repos//actions/secrets/public-key type=owner
[debug] [2021-04-15T09:53:04.160Z] <<< [apiv2][status] GET https://api.github.com/repos//actions/secrets/public-key 404
[debug] [2021-04-15T09:53:04.160Z] <<< [apiv2][body] GET https://api.github.com/repos//actions/secrets/public-key {"message":"Not Found","documentation_url":"https://docs.github.com/rest"}
[debug] [2021-04-15T09:53:06.233Z] >>> [apiv2][query] GET https://api.github.com/repos//actions/secrets/public-key type=owner
[debug] [2021-04-15T09:53:06.917Z] <<< [apiv2][status] GET https://api.github.com/repos//actions/secrets/public-key 404
[debug] [2021-04-15T09:53:06.917Z] <<< [apiv2][body] GET https://api.github.com/repos//actions/secrets/public-key {"message":"Not Found","documentation_url":"https://docs.github.com/rest"}
[debug] [2021-04-15T09:55:18.147Z] >>> [apiv2][query] GET https://api.github.com/repos/waldo237/actions/secrets/public-key type=owner
[debug] [2021-04-15T09:55:18.150Z] >>> [apiv2][query] GET https://api.github.com/repos///actions/secrets/public-key type=owner
[debug] [2021-04-15T09:55:18.152Z] >>> [apiv2][query] GET https://api.github.com/repos/google-classroom-admin-oficial/actions/secrets/public-key type=owner
[debug] [2021-04-15T09:55:18.963Z] <<< [apiv2][status] GET https://api.github.com/repos/waldo237/actions/secrets/public-key 404
[debug] [2021-04-15T09:55:18.963Z] <<< [apiv2][body] GET https://api.github.com/repos/waldo237/actions/secrets/public-key {"message":"Not Found","documentation_url":"https://docs.github.com/rest"}
[debug] [2021-04-15T09:55:18.974Z] <<< [apiv2][status] GET https://api.github.com/repos/google-classroom-admin-oficial/actions/secrets/public-key 404
[debug] [2021-04-15T09:55:18.974Z] <<< [apiv2][body] GET https://api.github.com/repos/google-classroom-admin-oficial/actions/secrets/public-key {"message":"Not Found","documentation_url":"https://docs.github.com/rest"}
[debug] [2021-04-15T09:55:18.978Z] <<< [apiv2][status] GET https://api.github.com/repos///actions/secrets/public-key 404
[debug] [2021-04-15T09:55:18.978Z] <<< [apiv2][body] GET https://api.github.com/repos///actions/secrets/public-key {"message":"Not Found","documentation_url":"https://docs.github.com/rest"}
[debug] [2021-04-15T09:55:19.354Z] >>> [apiv2][query] GET https://api.github.com/repos//actions/secrets/public-key type=owner
[debug] [2021-04-15T09:55:20.041Z] <<< [apiv2][status] GET https://api.github.com/repos//actions/secrets/public-key 404
[debug] [2021-04-15T09:55:20.041Z] <<< [apiv2][body] GET https://api.github.com/repos//actions/secrets/public-key {"message":"Not Found","documentation_url":"https://docs.github.com/rest"}
[debug] [2021-04-15T09:55:20.575Z] >>> [apiv2][query] GET https://api.github.com/repos/waldo237/actions/secrets/public-key type=owner
[debug] [2021-04-15T09:55:20.576Z] >>> [apiv2][query] GET https://api.github.com/repos///actions/secrets/public-key type=owner
[debug] [2021-04-15T09:55:20.577Z] >>> [apiv2][query] GET https://api.github.com/repos/google-classroom-admin-oficial/actions/secrets/public-key type=owner
[debug] [2021-04-15T09:55:20.960Z] >>> [apiv2][query] GET https://api.github.com/repos//actions/secrets/public-key type=owner
[debug] [2021-04-15T09:55:21.248Z] <<< [apiv2][status] GET https://api.github.com/repos///actions/secrets/public-key 404
[debug] [2021-04-15T09:55:21.248Z] <<< [apiv2][body] GET https://api.github.com/repos///actions/secrets/public-key {"message":"Not Found","documentation_url":"https://docs.github.com/rest"}
[debug] [2021-04-15T09:55:21.262Z] <<< [apiv2][status] GET https://api.github.com/repos/google-classroom-admin-oficial/actions/secrets/public-key 404
[debug] [2021-04-15T09:55:21.263Z] <<< [apiv2][body] GET https://api.github.com/repos/google-classroom-admin-oficial/actions/secrets/public-key {"message":"Not Found","documentation_url":"https://docs.github.com/rest"}
[debug] [2021-04-15T09:55:21.285Z] <<< [apiv2][status] GET https://api.github.com/repos/waldo237/actions/secrets/public-key 404
[debug] [2021-04-15T09:55:21.285Z] <<< [apiv2][body] GET https://api.github.com/repos/waldo237/actions/secrets/public-key {"message":"Not Found","documentation_url":"https://docs.github.com/rest"}
[debug] [2021-04-15T09:55:21.648Z] <<< [apiv2][status] GET https://api.github.com/repos//actions/secrets/public-key 404
[debug] [2021-04-15T09:55:21.648Z] <<< [apiv2][body] GET https://api.github.com/repos//actions/secrets/public-key {"message":"Not Found","documentation_url":"https://docs.github.com/rest"}
[debug] [2021-04-15T09:55:37.448Z] >>> [apiv2][query] GET https://api.github.com/repos/https://github.com/waldo237/google-classroom-admin/actions/secrets/public-key type=owner
[debug] [2021-04-15T09:55:38.125Z] <<< [apiv2][status] GET https://api.github.com/repos/https://github.com/waldo237/google-classroom-admin/actions/secrets/public-key 404
[debug] [2021-04-15T09:55:38.125Z] <<< [apiv2][body] GET https://api.github.com/repos/https://github.com/waldo237/google-classroom-admin/actions/secrets/public-key {"message":"Not Found","documentation_url":"https://docs.github.com/rest"}
[debug] [2021-04-15T09:55:39.776Z] >>> [apiv2][query] GET https://api.github.com/repos//actions/secrets/public-key type=owner
[debug] [2021-04-15T09:55:40.007Z] >>> [apiv2][query] GET https://api.github.com/repos//actions/secrets/public-key type=owner
[debug] [2021-04-15T09:55:40.477Z] <<< [apiv2][status] GET https://api.github.com/repos//actions/secrets/public-key 404
[debug] [2021-04-15T09:55:40.477Z] <<< [apiv2][body] GET https://api.github.com/repos//actions/secrets/public-key {"message":"Not Found","documentation_url":"https://docs.github.com/rest"}
[debug] [2021-04-15T09:55:40.703Z] <<< [apiv2][status] GET https://api.github.com/repos//actions/secrets/public-key 404
[debug] [2021-04-15T09:55:40.703Z] <<< [apiv2][body] GET https://api.github.com/repos//actions/secrets/public-key {"message":"Not Found","documentation_url":"https://docs.github.com/rest"}
[debug] [2021-04-15T09:55:47.855Z] ----------------------------------------------------------------------
[debug] [2021-04-15T09:55:47.858Z] Command:       C:\Program Files\nodejs\node.exe C:\Users\Administrator\AppData\Roaming\npm\node_modules\firebase-tools\lib\bin\firebase.js init
[debug] [2021-04-15T09:55:47.859Z] CLI Version:   9.10.0
[debug] [2021-04-15T09:55:47.859Z] Platform:      win32
[debug] [2021-04-15T09:55:47.859Z] Node Version:  v10.16.0
[debug] [2021-04-15T09:55:47.860Z] Time:          Thu Apr 15 2021 05:55:47 GMT-0400 (Bolivia Time)
[debug] [2021-04-15T09:55:47.860Z] ----------------------------------------------------------------------
[debug] 
[debug] [2021-04-15T09:55:47.872Z] > command requires scopes: ["email","openid","https://www.googleapis.com/auth/cloudplatformprojects.readonly","https://www.googleapis.com/auth/firebase","https://www.googleapis.com/auth/cloud-platform"]
[debug] [2021-04-15T09:55:47.872Z] > authorizing via signed-in user (dleimmersion@gmail.com)
[info] 
     ######## #### ########  ######## ########     ###     ######  ########
     ##        ##  ##     ## ##       ##     ##  ##   ##  ##       ##
     ######    ##  ########  ######   ########  #########  ######  ######
     ##        ##  ##    ##  ##       ##     ## ##     ##       ## ##
     ##       #### ##     ## ######## ########  ##     ##  ######  ########

You're about to initialize a Firebase project in this directory:

  C:\Users\Administrator\Desktop\google-classroom-admin-oficial

Before we get started, keep in mind:

  * You are initializing in an existing Firebase project directory

